mimalloc 版本: 225
控制端正在连接 ws://127.0.0.1:5000/signal，用户 ID: user-1，目标设备 ID: host-1
控制端收到信令 <- {"connectionId":"conn_16","message":"register as host or controller to begin","type":"hello"}
控制端注册完成，开始创建会话
控制端会话已创建: sess_8
[peer:控制端][sess_8] 开始创建会话链路
[peer:控制端][sess_8] 正在创建 PeerConnection
[peer:控制端][sess_8] 已配置 H.264 视频轨，mid=video
[peer:控制端][sess_8] 已创建控制数据通道
[peer:控制端][sess_8] 已请求本地描述
[peer:控制端][sess_8] PeerConnection 状态 -> 连接中
[peer:控制端][sess_8] 媒体轨已打开 -> video
[peer:控制端][sess_8] PeerConnection 状态 -> 已连接
[peer:控制端][sess_8] 数据通道已打开 -> control
控制端数据 <- [control] {"echoSeq":1,"type":"pong"}
控制端已收到 pong，保持会话以继续显示远端画面
[peer:控制端][sess_8] 在 video 视频轨上收到媒体负载, 样本序号=1, 字节数=36
[peer:控制端][sess_8] 在 video 视频轨上收到媒体负载, 样本序号=2, 字节数=16
[peer:控制端][sess_8] 在 video 视频轨上收到媒体负载, 样本序号=3, 字节数=712
[peer:控制端][sess_8] 在 video 视频轨上收到媒体负载, 样本序号=4, 字节数=1201
[peer:控制端][sess_8] 在 video 视频轨上收到媒体负载, 样本序号=5, 字节数=1201
控制端已显示首帧远端画面: 2560x1440
[peer:控制端][sess_8] 在 video 视频轨上收到媒体负载, 样本序号=60, 字节数=1168
[peer:控制端][sess_8] 在 video 视频轨上收到媒体负载, 样本序号=120, 字节数=1214
[peer:控制端][sess_8] 在 video 视频轨上收到媒体负载, 样本序号=180, 字节数=1181
[peer:控制端][sess_8] 在 video 视频轨上收到媒体负载, 样本序号=240, 字节数=1150
[peer:控制端][sess_8] 在 video 视频轨上收到媒体负载, 样本序号=300, 字节数=1150
[peer:控制端][sess_8] 在 video 视频轨上收到媒体负载, 样本序号=360, 字节数=25
[peer:控制端][sess_8] 在 video 视频轨上收到媒体负载, 样本序号=420, 字节数=31
[peer:控制端][sess_8] 在 video 视频轨上收到媒体负载, 样本序号=480, 字节数=34
[peer:控制端][sess_8] 在 video 视频轨上收到媒体负载, 样本序号=540, 字节数=1162
[peer:控制端][sess_8] 在 video 视频轨上收到媒体负载, 样本序号=600, 字节数=1207
[peer:控制端][sess_8] 在 video 视频轨上收到媒体负载, 样本序号=660, 字节数=31
[peer:控制端][sess_8] 在 video 视频轨上收到媒体负载, 样本序号=720, 字节数=1218
[peer:控制端][sess_8] 在 video 视频轨上收到媒体负载, 样本序号=780, 字节数=1232
[peer:控制端][sess_8] 在 video 视频轨上收到媒体负载, 样本序号=840, 字节数=1232
[peer:控制端][sess_8] 在 video 视频轨上收到媒体负载, 样本序号=900, 字节数=1232
[peer:控制端][sess_8] 在 video 视频轨上收到媒体负载, 样本序号=960, 字节数=1117
[peer:控制端][sess_8] 在 video 视频轨上收到媒体负载, 样本序号=1020, 字节数=1227
[peer:控制端][sess_8] 在 video 视频轨上收到媒体负载, 样本序号=1080, 字节数=1201
[peer:控制端][sess_8] 在 video 视频轨上收到媒体负载, 样本序号=1140, 字节数=1217
[peer:控制端][sess_8] 在 video 视频轨上收到媒体负载, 样本序号=1200, 字节数=37
[peer:控制端][sess_8] 在 video 视频轨上收到媒体负载, 样本序号=1260, 字节数=32
[peer:控制端][sess_8] 在 video 视频轨上收到媒体负载, 样本序号=1320, 字节数=1227
[peer:控制端][sess_8] 在 video 视频轨上收到媒体负载, 样本序号=1380, 字节数=1221
