mimalloc 版本: 225
控制端正在连接 ws://127.0.0.1:5000/signal，用户 ID: user-1，目标设备 ID: host-1
控制端收到信令 <- {"connectionId":"conn_14","message":"register as host or controller to begin","type":"hello"}
控制端注册完成，开始创建会话
控制端会话已创建: sess_7
[peer:控制端][sess_7] 开始创建会话链路
[peer:控制端][sess_7] 正在创建 PeerConnection
[peer:控制端][sess_7] 已配置 H.264 视频轨，mid=video
[peer:控制端][sess_7] 已创建控制数据通道
[peer:控制端][sess_7] 已请求本地描述
[peer:控制端][sess_7] PeerConnection 状态 -> 连接中
[peer:控制端][sess_7] 媒体轨已打开 -> video
[peer:控制端][sess_7] PeerConnection 状态 -> 已连接
[peer:控制端][sess_7] 数据通道已打开 -> control
控制端数据 <- [control] {"echoSeq":1,"type":"pong"}
控制端已收到 pong，保持会话以继续显示远端画面
[peer:控制端][sess_7] 在 video 视频轨上收到媒体负载, 样本序号=1, 字节数=36
[peer:控制端][sess_7] 在 video 视频轨上收到媒体负载, 样本序号=2, 字节数=16
[peer:控制端][sess_7] 在 video 视频轨上收到媒体负载, 样本序号=3, 字节数=712
[peer:控制端][sess_7] 在 video 视频轨上收到媒体负载, 样本序号=4, 字节数=1206
[peer:控制端][sess_7] 在 video 视频轨上收到媒体负载, 样本序号=5, 字节数=1206
控制端已显示首帧远端画面: 2560x1440
[peer:控制端][sess_7] 在 video 视频轨上收到媒体负载, 样本序号=60, 字节数=1180
[peer:控制端][sess_7] 在 video 视频轨上收到媒体负载, 样本序号=120, 字节数=1167
[peer:控制端][sess_7] 在 video 视频轨上收到媒体负载, 样本序号=180, 字节数=1171
[peer:控制端][sess_7] 在 video 视频轨上收到媒体负载, 样本序号=240, 字节数=24
[peer:控制端][sess_7] 在 video 视频轨上收到媒体负载, 样本序号=300, 字节数=1210
[peer:控制端][sess_7] 在 video 视频轨上收到媒体负载, 样本序号=360, 字节数=1144
[peer:控制端][sess_7] 在 video 视频轨上收到媒体负载, 样本序号=420, 字节数=1189
[peer:控制端][sess_7] 在 video 视频轨上收到媒体负载, 样本序号=480, 字节数=1149
[peer:控制端][sess_7] 在 video 视频轨上收到媒体负载, 样本序号=540, 字节数=1215
[peer:控制端][sess_7] 在 video 视频轨上收到媒体负载, 样本序号=600, 字节数=1179
[peer:控制端][sess_7] 在 video 视频轨上收到媒体负载, 样本序号=660, 字节数=1162
[peer:控制端][sess_7] 在 video 视频轨上收到媒体负载, 样本序号=720, 字节数=1142
[peer:控制端][sess_7] 在 video 视频轨上收到媒体负载, 样本序号=780, 字节数=1156
[peer:控制端][sess_7] 在 video 视频轨上收到媒体负载, 样本序号=840, 字节数=1225
[peer:控制端][sess_7] 在 video 视频轨上收到媒体负载, 样本序号=900, 字节数=1225
[peer:控制端][sess_7] 在 video 视频轨上收到媒体负载, 样本序号=960, 字节数=1225
[peer:控制端][sess_7] 在 video 视频轨上收到媒体负载, 样本序号=1020, 字节数=1182
[peer:控制端][sess_7] 在 video 视频轨上收到媒体负载, 样本序号=1080, 字节数=1213
[peer:控制端][sess_7] 在 video 视频轨上收到媒体负载, 样本序号=1140, 字节数=1187
[peer:控制端][sess_7] 在 video 视频轨上收到媒体负载, 样本序号=1200, 字节数=1201
[peer:控制端][sess_7] 在 video 视频轨上收到媒体负载, 样本序号=1260, 字节数=1213
[peer:控制端][sess_7] 在 video 视频轨上收到媒体负载, 样本序号=1320, 字节数=1176
[peer:控制端][sess_7] 在 video 视频轨上收到媒体负载, 样本序号=1380, 字节数=1173
[peer:控制端][sess_7] 在 video 视频轨上收到媒体负载, 样本序号=1440, 字节数=1226
[peer:控制端][sess_7] 在 video 视频轨上收到媒体负载, 样本序号=1500, 字节数=1223
[peer:控制端][sess_7] 在 video 视频轨上收到媒体负载, 样本序号=1560, 字节数=1227
[peer:控制端][sess_7] 在 video 视频轨上收到媒体负载, 样本序号=1620, 字节数=1188
[peer:控制端][sess_7] 在 video 视频轨上收到媒体负载, 样本序号=1680, 字节数=1190
[peer:控制端][sess_7] 在 video 视频轨上收到媒体负载, 样本序号=1740, 字节数=1182
[peer:控制端][sess_7] 在 video 视频轨上收到媒体负载, 样本序号=1800, 字节数=48
[peer:控制端][sess_7] 在 video 视频轨上收到媒体负载, 样本序号=1860, 字节数=1194
[peer:控制端][sess_7] 在 video 视频轨上收到媒体负载, 样本序号=1920, 字节数=1202
[peer:控制端][sess_7] 在 video 视频轨上收到媒体负载, 样本序号=1980, 字节数=1206
[peer:控制端][sess_7] 在 video 视频轨上收到媒体负载, 样本序号=2040, 字节数=1219
[peer:控制端][sess_7] 在 video 视频轨上收到媒体负载, 样本序号=2100, 字节数=26
