  bgra_to_nv12_converter.cpp
  d3d11_desktop_frame_reader.cpp
  dxgi_desktop_duplicator.cpp
  x264_h264_encoder.cpp
  desktop_streamer.cpp
  desktop_window_renderer.cpp
  browser_controller_assets.cpp
  openh264_video_decoder.cpp
  controller_client.cpp
  entry.cpp
  host_client.cpp
  mimalloc_override.cpp
  peer_session.cpp
  console_logger.cpp
  win_websocket_client.cpp
  server_logger.cpp
  signaling_server.cpp
  正在运行 C/C++ 代码分析...
  main.cpp
  main.cpp
  main.cpp
  正在生成代码
  Previous IPDB not found, fall back to full compilation.
  All 7777 functions were compiled because no usable IPDB/IOBJ from previous compilation was found.
  已完成代码的生成
  rdc.vcxproj -> C:\RuanJian\remote_desktop_connection\rdc\x64\Release\rdc.exe
C:\RuanJian\remote_desktop_connection\rdc\vcpkg_installed\x64-windows\x64-windows\include\nlohmann\detail\input\lexer.hpp(869): warning C26819: switch 标签之间的尾随 fallthrough (es.78)。
C:\RuanJian\remote_desktop_connection\rdc\vcpkg_installed\x64-windows\x64-windows\include\nlohmann\detail\input\lexer.hpp(906): warning C26819: switch 标签之间的尾随 fallthrough (es.78)。
C:\RuanJian\remote_desktop_connection\rdc\vcpkg_installed\x64-windows\x64-windows\include\nlohmann\json.hpp(1149): warning C26495: 未初始化变量 nlohmann::json_abi_v3_12_0::basic_json<std::map,std::vector,std::basic_string<char,std::char_traits<char>,std::allocator<char> >,bool,__int64,unsigned __int64,double,std::allocator,nlohmann::json_abi_v3_12_0::adl_serializer,std::vector<unsigned char,std::allocator<unsigned char> >,void>::m_data。始终初始化成员变量(type.6)。
C:\RuanJian\remote_desktop_connection\rdc\vcpkg_installed\x64-windows\x64-windows\include\nlohmann\detail\output\serializer.hpp(923): warning C28020: 表达式“0<=_Param_(1)&&_Param_(1)<=400-1”对此调用无效。
C:\RuanJian\mimalloc\include\mimalloc-new-delete.h(61): warning C28251: “new”的批注不一致: 此实例包含 无批注。请参见 c:\program files\microsoft visual studio\2022\enterprise\vc\tools\msvc\14.38.33130\include\vcruntime_new.h(105)。
C:\RuanJian\mimalloc\include\mimalloc-new-delete.h(62): warning C28251: “new[]”的批注不一致: 此实例包含 无批注。请参见 c:\program files\microsoft visual studio\2022\enterprise\vc\tools\msvc\14.38.33130\include\vcruntime_new.h(119)。
C:\RuanJian\remote_desktop_connection\rdc\rdc\agent\rtc\peer_session.cpp(4395): warning C26117: 正在释放函数 rdc::PeerSession::HandleTrackClosed 中未保留的锁定 lock。
C:\RuanJian\remote_desktop_connection\rdc\rdc\agent\rtc\peer_session.cpp(4431): warning C26110: 调用函数 std::scoped_lock<std::recursive_mutex>::~scoped_lock<std::recursive_mutex> 之前，调用方保留锁定 lock 失败。
C:\RuanJian\remote_desktop_connection\rdc\rdc\agent\rtc\peer_session.cpp(4443): warning C26117: 正在释放函数 rdc::PeerSession::HandleTrackClosed 中未保留的锁定 lock。
C:\RuanJian\remote_desktop_connection\rdc\rdc\agent\rtc\peer_session.cpp(4572): warning C26117: 正在释放函数 rdc::PeerSession::HandleVideoPli 中未保留的锁定 lock。
C:\RuanJian\remote_desktop_connection\rdc\rdc\agent\rtc\peer_session.cpp(4600): warning C26110: 调用函数 std::scoped_lock<std::recursive_mutex>::~scoped_lock<std::recursive_mutex> 之前，调用方保留锁定 lock 失败。
C:\RuanJian\remote_desktop_connection\rdc\rdc\agent\rtc\peer_session.cpp(4612): warning C26117: 正在释放函数 rdc::PeerSession::HandleVideoPli 中未保留的锁定 lock。
C:\RuanJian\remote_desktop_connection\rdc\rdc\protocol\common\win_websocket_client.cpp(107): warning C6387: “_Param_(3)”可能是“0”: 这不符合函数“WinHttpSetOption”的规范。
C:\RuanJian\remote_desktop_connection\rdc\vcpkg_installed\x64-windows\x64-windows\include\uwebsockets\Loop.h(35): warning C26495: 未初始化变量 uWS::PreparedMessage::opCode。始终初始化成员变量(type.6)。
C:\RuanJian\remote_desktop_connection\rdc\vcpkg_installed\x64-windows\x64-windows\include\uwebsockets\Loop.h(35): warning C26495: 未初始化变量 uWS::PreparedMessage::compressed。始终初始化成员变量(type.6)。
C:\RuanJian\remote_desktop_connection\rdc\vcpkg_installed\x64-windows\x64-windows\include\uwebsockets\ChunkedEncoding.h(206): warning C26495: 未初始化变量 uWS::ChunkIterator::trailer。始终初始化成员变量(type.6)。
C:\RuanJian\remote_desktop_connection\rdc\vcpkg_installed\x64-windows\x64-windows\include\uwebsockets\ChunkedEncoding.h(206): warning C26495: 未初始化变量 uWS::ChunkIterator::state。始终初始化成员变量(type.6)。
C:\RuanJian\remote_desktop_connection\rdc\vcpkg_installed\x64-windows\x64-windows\include\uwebsockets\ChunkedEncoding.h(206): warning C26495: 未初始化变量 uWS::ChunkIterator::data。始终初始化成员变量(type.6)。
C:\RuanJian\remote_desktop_connection\rdc\vcpkg_installed\x64-windows\x64-windows\include\uwebsockets\HttpParser.h(193): warning C26495: 未初始化变量 uWS::HttpRequest::querySeparator。始终初始化成员变量(type.6)。
C:\RuanJian\remote_desktop_connection\rdc\vcpkg_installed\x64-windows\x64-windows\include\uwebsockets\HttpParser.h(193): warning C26495: 未初始化变量 uWS::HttpRequest::ancientHttp。始终初始化成员变量(type.6)。
C:\RuanJian\remote_desktop_connection\rdc\vcpkg_installed\x64-windows\x64-windows\include\uwebsockets\HttpParser.h(193): warning C26495: 未初始化变量 uWS::HttpRequest::didYield。始终初始化成员变量(type.6)。
C:\RuanJian\remote_desktop_connection\rdc\vcpkg_installed\x64-windows\x64-windows\include\uwebsockets\AsyncSocketData.h(28): warning C26439: 此类函数不应 throw。声明它为 "noexcept" (f.6)。
C:\RuanJian\remote_desktop_connection\rdc\vcpkg_installed\x64-windows\x64-windows\include\uwebsockets\TopicTree.h(54): warning C26495: 未初始化变量 uWS::Subscriber::prev。始终初始化成员变量(type.6)。
C:\RuanJian\remote_desktop_connection\rdc\vcpkg_installed\x64-windows\x64-windows\include\uwebsockets\TopicTree.h(54): warning C26495: 未初始化变量 uWS::Subscriber::next。始终初始化成员变量(type.6)。
C:\RuanJian\remote_desktop_connection\rdc\vcpkg_installed\x64-windows\x64-windows\include\uwebsockets\TopicTree.h(54): warning C26495: 未初始化变量 uWS::Subscriber::messageIndices。始终初始化成员变量(type.6)。
C:\RuanJian\remote_desktop_connection\rdc\vcpkg_installed\x64-windows\x64-windows\include\uwebsockets\TopicTree.h(54): warning C26495: 未初始化变量 uWS::Subscriber::user。始终初始化成员变量(type.6)。
C:\RuanJian\remote_desktop_connection\rdc\vcpkg_installed\x64-windows\x64-windows\include\uwebsockets\WebSocketProtocol.h(88): warning C26495: 未初始化变量 uWS::WebSocketState<1>::mask。始终初始化成员变量(type.6)。
C:\RuanJian\remote_desktop_connection\rdc\vcpkg_installed\x64-windows\x64-windows\include\uwebsockets\MoveOnlyFunction.h(190): warning C26495: 未初始化变量 ofats::any_detail::any_invocable_impl<void,0,uWS::WebSocket<0,1,rdc::SignalingServer::ConnectionContext> *,int,std::basic_string_view<char,std::char_traits<char> > >::call_。始终初始化成员变量(type.6)。
C:\RuanJian\remote_desktop_connection\rdc\vcpkg_installed\x64-windows\x64-windows\include\uwebsockets\MoveOnlyFunction.h(190): warning C26495: 未初始化变量 ofats::any_detail::any_invocable_impl<void,0,uWS::WebSocket<0,1,rdc::SignalingServer::ConnectionContext> *,std::basic_string_view<char,std::char_traits<char> >,int,int>::call_。始终初始化成员变量(type.6)。
C:\RuanJian\remote_desktop_connection\rdc\vcpkg_installed\x64-windows\x64-windows\include\uwebsockets\MoveOnlyFunction.h(190): warning C26495: 未初始化变量 ofats::any_detail::any_invocable_impl<void,0,uWS::WebSocket<0,1,rdc::SignalingServer::ConnectionContext> *,std::basic_string_view<char,std::char_traits<char> > >::call_。始终初始化成员变量(type.6)。
C:\RuanJian\remote_desktop_connection\rdc\vcpkg_installed\x64-windows\x64-windows\include\uwebsockets\MoveOnlyFunction.h(190): warning C26495: 未初始化变量 ofats::any_detail::any_invocable_impl<void,0,uWS::WebSocket<0,1,rdc::SignalingServer::ConnectionContext> *,std::basic_string_view<char,std::char_traits<char> >,enum uWS::OpCode>::call_。始终初始化成员变量(type.6)。
C:\RuanJian\remote_desktop_connection\rdc\vcpkg_installed\x64-windows\x64-windows\include\uwebsockets\MoveOnlyFunction.h(190): warning C26495: 未初始化变量 ofats::any_detail::any_invocable_impl<void,0,uWS::WebSocket<0,1,rdc::SignalingServer::ConnectionContext> *>::call_。始终初始化成员变量(type.6)。
C:\RuanJian\remote_desktop_connection\rdc\vcpkg_installed\x64-windows\x64-windows\include\uwebsockets\MoveOnlyFunction.h(190): warning C26495: 未初始化变量 ofats::any_detail::any_invocable_impl<void,0,uWS::HttpResponse<0> *,uWS::HttpRequest *,us_socket_context_t *>::call_。始终初始化成员变量(type.6)。
C:\RuanJian\remote_desktop_connection\rdc\vcpkg_installed\x64-windows\x64-windows\include\uwebsockets\MoveOnlyFunction.h(190): warning C26495: 未初始化变量 ofats::any_detail::any_invocable_impl<void,0,uWS::WebSocket<1,1,rdc::SignalingServer::ConnectionContext> *,int,std::basic_string_view<char,std::char_traits<char> > >::call_。始终初始化成员变量(type.6)。
C:\RuanJian\remote_desktop_connection\rdc\vcpkg_installed\x64-windows\x64-windows\include\uwebsockets\MoveOnlyFunction.h(190): warning C26495: 未初始化变量 ofats::any_detail::any_invocable_impl<void,0,uWS::WebSocket<1,1,rdc::SignalingServer::ConnectionContext> *,std::basic_string_view<char,std::char_traits<char> >,int,int>::call_。始终初始化成员变量(type.6)。
C:\RuanJian\remote_desktop_connection\rdc\vcpkg_installed\x64-windows\x64-windows\include\uwebsockets\MoveOnlyFunction.h(190): warning C26495: 未初始化变量 ofats::any_detail::any_invocable_impl<void,0,uWS::WebSocket<1,1,rdc::SignalingServer::ConnectionContext> *,std::basic_string_view<char,std::char_traits<char> > >::call_。始终初始化成员变量(type.6)。
C:\RuanJian\remote_desktop_connection\rdc\vcpkg_installed\x64-windows\x64-windows\include\uwebsockets\MoveOnlyFunction.h(190): warning C26495: 未初始化变量 ofats::any_detail::any_invocable_impl<void,0,uWS::WebSocket<1,1,rdc::SignalingServer::ConnectionContext> *,std::basic_string_view<char,std::char_traits<char> >,enum uWS::OpCode>::call_。始终初始化成员变量(type.6)。
C:\RuanJian\remote_desktop_connection\rdc\vcpkg_installed\x64-windows\x64-windows\include\uwebsockets\MoveOnlyFunction.h(190): warning C26495: 未初始化变量 ofats::any_detail::any_invocable_impl<void,0,uWS::WebSocket<1,1,rdc::SignalingServer::ConnectionContext> *>::call_。始终初始化成员变量(type.6)。
C:\RuanJian\remote_desktop_connection\rdc\vcpkg_installed\x64-windows\x64-windows\include\uwebsockets\MoveOnlyFunction.h(190): warning C26495: 未初始化变量 ofats::any_detail::any_invocable_impl<void,0,uWS::HttpResponse<1> *,uWS::HttpRequest *,us_socket_context_t *>::call_。始终初始化成员变量(type.6)。
C:\RuanJian\remote_desktop_connection\rdc\vcpkg_installed\x64-windows\x64-windows\include\uwebsockets\WebSocketProtocol.h(76): warning C26495: 未初始化变量 uWS::WebSocketState<1>::State::spill。始终初始化成员变量(type.6)。
C:\RuanJian\remote_desktop_connection\rdc\vcpkg_installed\x64-windows\x64-windows\include\uwebsockets\WebSocketProtocol.h(76): warning C26495: 未初始化变量 uWS::WebSocketState<1>::State::opCode。始终初始化成员变量(type.6)。
C:\RuanJian\remote_desktop_connection\rdc\vcpkg_installed\x64-windows\x64-windows\include\uwebsockets\MoveOnlyFunction.h(189): warning C26495: 未初始化变量 ofats::any_detail::any_invocable_impl<void,0,char const *>::call_。始终初始化成员变量(type.6)。
C:\RuanJian\remote_desktop_connection\rdc\vcpkg_installed\x64-windows\x64-windows\include\uwebsockets\MoveOnlyFunction.h(189): warning C26495: 未初始化变量 ofats::any_detail::any_invocable_impl<bool,0,unsigned __int64>::call_。始终初始化成员变量(type.6)。
C:\RuanJian\remote_desktop_connection\rdc\vcpkg_installed\x64-windows\x64-windows\include\uwebsockets\MoveOnlyFunction.h(189): warning C26495: 未初始化变量 ofats::any_detail::any_invocable_impl<void,0>::call_。始终初始化成员变量(type.6)。
C:\RuanJian\remote_desktop_connection\rdc\vcpkg_installed\x64-windows\x64-windows\include\uwebsockets\MoveOnlyFunction.h(189): warning C26495: 未初始化变量 ofats::any_detail::any_invocable_impl<void,0,std::basic_string_view<char,std::char_traits<char> >,unsigned __int64>::call_。始终初始化成员变量(type.6)。
C:\RuanJian\remote_desktop_connection\rdc\vcpkg_installed\x64-windows\x64-windows\include\uwebsockets\MoveOnlyFunction.h(191): warning C26495: 未初始化变量 ofats::any_detail::any_invocable_impl<void,0,uWS::HttpResponse<0> *,uWS::HttpRequest *>::call_。始终初始化成员变量(type.6)。
C:\RuanJian\remote_desktop_connection\rdc\vcpkg_installed\x64-windows\x64-windows\include\uwebsockets\MoveOnlyFunction.h(191): warning C26495: 未初始化变量 ofats::any_detail::any_invocable_impl<void,0,uWS::HttpResponse<1> *,uWS::HttpRequest *>::call_。始终初始化成员变量(type.6)。
C:\RuanJian\remote_desktop_connection\rdc\vcpkg_installed\x64-windows\x64-windows\include\uwebsockets\HttpRouter.h(121): warning C26495: 未初始化变量 uWS::HttpRouter<uWS::HttpContextData<0>::RouterData>::RouteParameters::paramsTop。始终初始化成员变量(type.6)。
C:\RuanJian\remote_desktop_connection\rdc\vcpkg_installed\x64-windows\x64-windows\include\uwebsockets\HttpRouter.h(121): warning C26495: 未初始化变量 uWS::HttpRouter<uWS::HttpContextData<1>::RouterData>::RouteParameters::paramsTop。始终初始化成员变量(type.6)。
C:\RuanJian\remote_desktop_connection\rdc\vcpkg_installed\x64-windows\x64-windows\include\uwebsockets\HttpRouter.h(63): warning C26495: 未初始化变量 uWS::HttpRouter<uWS::HttpContextData<0>::RouterData>::Node::isHighPriority。始终初始化成员变量(type.6)。
C:\RuanJian\remote_desktop_connection\rdc\vcpkg_installed\x64-windows\x64-windows\include\uwebsockets\HttpRouter.h(63): warning C26495: 未初始化变量 uWS::HttpRouter<uWS::HttpContextData<1>::RouterData>::Node::isHighPriority。始终初始化成员变量(type.6)。
C:\RuanJian\remote_desktop_connection\rdc\vcpkg_installed\x64-windows\x64-windows\include\uwebsockets\MoveOnlyFunction.h(191): warning C26495: 未初始化变量 ofats::any_detail::any_invocable_impl<bool,0,unsigned __int64>::call_。始终初始化成员变量(type.6)。
C:\RuanJian\remote_desktop_connection\rdc\vcpkg_installed\x64-windows\x64-windows\include\uwebsockets\MoveOnlyFunction.h(189): warning C26495: 未初始化变量 ofats::any_detail::any_invocable_impl<void,0,uWS::HttpResponse<1> *,uWS::HttpRequest *>::call_。始终初始化成员变量(type.6)。
C:\RuanJian\remote_desktop_connection\rdc\vcpkg_installed\x64-windows\x64-windows\include\uwebsockets\MoveOnlyFunction.h(189): warning C26495: 未初始化变量 ofats::any_detail::any_invocable_impl<void,0,us_listen_socket_t *>::call_。始终初始化成员变量(type.6)。
C:\RuanJian\remote_desktop_connection\rdc\vcpkg_installed\x64-windows\x64-windows\include\uwebsockets\MoveOnlyFunction.h(189): warning C26495: 未初始化变量 ofats::any_detail::any_invocable_impl<void,0,uWS::HttpResponse<0> *,uWS::HttpRequest *>::call_。始终初始化成员变量(type.6)。
C:\RuanJian\remote_desktop_connection\rdc\vcpkg_installed\x64-windows\x64-windows\include\uwebsockets\MoveOnlyFunction.h(189): warning C26495: 未初始化变量 ofats::any_detail::any_invocable_impl<bool,0,uWS::HttpRouter<uWS::HttpContextData<1>::RouterData> *>::call_。始终初始化成员变量(type.6)。
C:\RuanJian\remote_desktop_connection\rdc\vcpkg_installed\x64-windows\x64-windows\include\uwebsockets\MoveOnlyFunction.h(189): warning C26495: 未初始化变量 ofats::any_detail::any_invocable_impl<bool,0,uWS::HttpRouter<uWS::HttpContextData<0>::RouterData> *>::call_。始终初始化成员变量(type.6)。
C:\RuanJian\remote_desktop_connection\rdc\vcpkg_installed\x64-windows\x64-windows\include\uwebsockets\MoveOnlyFunction.h(189): warning C26495: 未初始化变量 ofats::any_detail::any_invocable_impl<void *,0,void *,uWS::HttpRequest *>::call_。始终初始化成员变量(type.6)。
C:\RuanJian\remote_desktop_connection\rdc\vcpkg_installed\x64-windows\x64-windows\include\uwebsockets\MoveOnlyFunction.h(189): warning C26495: 未初始化变量 ofats::any_detail::any_invocable_impl<void *,0,void *,std::basic_string_view<char,std::char_traits<char> >,unsigned __int64>::call_。始终初始化成员变量(type.6)。
C:\RuanJian\remote_desktop_connection\rdc\vcpkg_installed\x64-windows\x64-windows\include\uwebsockets\MoveOnlyFunction.h(191): warning C26495: 未初始化变量 ofats::any_detail::any_invocable_impl<void,0,uWS::WebSocket<0,1,rdc::SignalingServer::ConnectionContext> *,int,std::basic_string_view<char,std::char_traits<char> > >::call_。始终初始化成员变量(type.6)。
C:\RuanJian\remote_desktop_connection\rdc\vcpkg_installed\x64-windows\x64-windows\include\uwebsockets\MoveOnlyFunction.h(191): warning C26495: 未初始化变量 ofats::any_detail::any_invocable_impl<void,0,uWS::WebSocket<0,1,rdc::SignalingServer::ConnectionContext> *,std::basic_string_view<char,std::char_traits<char> >,int,int>::call_。始终初始化成员变量(type.6)。
C:\RuanJian\remote_desktop_connection\rdc\vcpkg_installed\x64-windows\x64-windows\include\uwebsockets\MoveOnlyFunction.h(191): warning C26495: 未初始化变量 ofats::any_detail::any_invocable_impl<void,0,uWS::WebSocket<0,1,rdc::SignalingServer::ConnectionContext> *,std::basic_string_view<char,std::char_traits<char> > >::call_。始终初始化成员变量(type.6)。
C:\RuanJian\remote_desktop_connection\rdc\vcpkg_installed\x64-windows\x64-windows\include\uwebsockets\MoveOnlyFunction.h(191): warning C26495: 未初始化变量 ofats::any_detail::any_invocable_impl<void,0,uWS::WebSocket<0,1,rdc::SignalingServer::ConnectionContext> *,std::basic_string_view<char,std::char_traits<char> >,enum uWS::OpCode>::call_。始终初始化成员变量(type.6)。
C:\RuanJian\remote_desktop_connection\rdc\vcpkg_installed\x64-windows\x64-windows\include\uwebsockets\MoveOnlyFunction.h(191): warning C26495: 未初始化变量 ofats::any_detail::any_invocable_impl<void,0,uWS::WebSocket<0,1,rdc::SignalingServer::ConnectionContext> *>::call_。始终初始化成员变量(type.6)。
C:\RuanJian\remote_desktop_connection\rdc\vcpkg_installed\x64-windows\x64-windows\include\uwebsockets\MoveOnlyFunction.h(191): warning C26495: 未初始化变量 ofats::any_detail::any_invocable_impl<void,0,uWS::HttpResponse<0> *,uWS::HttpRequest *,us_socket_context_t *>::call_。始终初始化成员变量(type.6)。
C:\RuanJian\remote_desktop_connection\rdc\vcpkg_installed\x64-windows\x64-windows\include\uwebsockets\MoveOnlyFunction.h(191): warning C26495: 未初始化变量 ofats::any_detail::any_invocable_impl<void,0,uWS::WebSocket<1,1,rdc::SignalingServer::ConnectionContext> *,int,std::basic_string_view<char,std::char_traits<char> > >::call_。始终初始化成员变量(type.6)。
C:\RuanJian\remote_desktop_connection\rdc\vcpkg_installed\x64-windows\x64-windows\include\uwebsockets\MoveOnlyFunction.h(191): warning C26495: 未初始化变量 ofats::any_detail::any_invocable_impl<void,0,uWS::WebSocket<1,1,rdc::SignalingServer::ConnectionContext> *,std::basic_string_view<char,std::char_traits<char> >,int,int>::call_。始终初始化成员变量(type.6)。
C:\RuanJian\remote_desktop_connection\rdc\vcpkg_installed\x64-windows\x64-windows\include\uwebsockets\MoveOnlyFunction.h(191): warning C26495: 未初始化变量 ofats::any_detail::any_invocable_impl<void,0,uWS::WebSocket<1,1,rdc::SignalingServer::ConnectionContext> *,std::basic_string_view<char,std::char_traits<char> > >::call_。始终初始化成员变量(type.6)。
C:\RuanJian\remote_desktop_connection\rdc\vcpkg_installed\x64-windows\x64-windows\include\uwebsockets\MoveOnlyFunction.h(191): warning C26495: 未初始化变量 ofats::any_detail::any_invocable_impl<void,0,uWS::WebSocket<1,1,rdc::SignalingServer::ConnectionContext> *,std::basic_string_view<char,std::char_traits<char> >,enum uWS::OpCode>::call_。始终初始化成员变量(type.6)。
C:\RuanJian\remote_desktop_connection\rdc\vcpkg_installed\x64-windows\x64-windows\include\uwebsockets\MoveOnlyFunction.h(191): warning C26495: 未初始化变量 ofats::any_detail::any_invocable_impl<void,0,uWS::WebSocket<1,1,rdc::SignalingServer::ConnectionContext> *>::call_。始终初始化成员变量(type.6)。
C:\RuanJian\remote_desktop_connection\rdc\vcpkg_installed\x64-windows\x64-windows\include\uwebsockets\MoveOnlyFunction.h(191): warning C26495: 未初始化变量 ofats::any_detail::any_invocable_impl<void,0,uWS::HttpResponse<1> *,uWS::HttpRequest *,us_socket_context_t *>::call_。始终初始化成员变量(type.6)。
C:\RuanJian\remote_desktop_connection\rdc\vcpkg_installed\x64-windows\x64-windows\include\uwebsockets\MoveOnlyFunction.h(190): warning C26495: 未初始化变量 ofats::any_detail::any_invocable_impl<void,0,std::basic_string_view<char,std::char_traits<char> >,unsigned __int64>::call_。始终初始化成员变量(type.6)。
C:\RuanJian\remote_desktop_connection\rdc\vcpkg_installed\x64-windows\x64-windows\include\uwebsockets\MoveOnlyFunction.h(190): warning C26495: 未初始化变量 ofats::any_detail::any_invocable_impl<bool,0,unsigned __int64>::call_。始终初始化成员变量(type.6)。
C:\RuanJian\remote_desktop_connection\rdc\vcpkg_installed\x64-windows\x64-windows\include\uwebsockets\MoveOnlyFunction.h(190): warning C26495: 未初始化变量 ofats::any_detail::any_invocable_impl<void,0>::call_。始终初始化成员变量(type.6)。
C:\RuanJian\remote_desktop_connection\rdc\vcpkg_installed\x64-windows\x64-windows\include\uwebsockets\WebSocketContextData.h(102): warning C26495: 未初始化变量 uWS::WebSocketContextData<0,rdc::SignalingServer::ConnectionContext>::resetIdleTimeoutOnSend。始终初始化成员变量(type.6)。
C:\RuanJian\remote_desktop_connection\rdc\vcpkg_installed\x64-windows\x64-windows\include\uwebsockets\WebSocketContextData.h(102): warning C26495: 未初始化变量 uWS::WebSocketContextData<0,rdc::SignalingServer::ConnectionContext>::maxLifetime。始终初始化成员变量(type.6)。
C:\RuanJian\remote_desktop_connection\rdc\vcpkg_installed\x64-windows\x64-windows\include\uwebsockets\WebSocketContextData.h(102): warning C26495: 未初始化变量 uWS::WebSocketContextData<0,rdc::SignalingServer::ConnectionContext>::compression。始终初始化成员变量(type.6)。
C:\RuanJian\remote_desktop_connection\rdc\vcpkg_installed\x64-windows\x64-windows\include\uwebsockets\WebSocketContextData.h(102): warning C26495: 未初始化变量 uWS::WebSocketContextData<0,rdc::SignalingServer::ConnectionContext>::sendPingsAutomatically。始终初始化成员变量(type.6)。
C:\RuanJian\remote_desktop_connection\rdc\vcpkg_installed\x64-windows\x64-windows\include\uwebsockets\WebSocketContextData.h(102): warning C26495: 未初始化变量 uWS::WebSocketContextData<0,rdc::SignalingServer::ConnectionContext>::closeOnBackpressureLimit。始终初始化成员变量(type.6)。
C:\RuanJian\remote_desktop_connection\rdc\vcpkg_installed\x64-windows\x64-windows\include\uwebsockets\WebSocketContextData.h(102): warning C26495: 未初始化变量 uWS::WebSocketContextData<1,rdc::SignalingServer::ConnectionContext>::resetIdleTimeoutOnSend。始终初始化成员变量(type.6)。
C:\RuanJian\remote_desktop_connection\rdc\vcpkg_installed\x64-windows\x64-windows\include\uwebsockets\WebSocketContextData.h(102): warning C26495: 未初始化变量 uWS::WebSocketContextData<1,rdc::SignalingServer::ConnectionContext>::sendPingsAutomatically。始终初始化成员变量(type.6)。
C:\RuanJian\remote_desktop_connection\rdc\vcpkg_installed\x64-windows\x64-windows\include\uwebsockets\WebSocketContextData.h(102): warning C26495: 未初始化变量 uWS::WebSocketContextData<1,rdc::SignalingServer::ConnectionContext>::compression。始终初始化成员变量(type.6)。
C:\RuanJian\remote_desktop_connection\rdc\vcpkg_installed\x64-windows\x64-windows\include\uwebsockets\WebSocketContextData.h(102): warning C26495: 未初始化变量 uWS::WebSocketContextData<1,rdc::SignalingServer::ConnectionContext>::closeOnBackpressureLimit。始终初始化成员变量(type.6)。
C:\RuanJian\remote_desktop_connection\rdc\vcpkg_installed\x64-windows\x64-windows\include\uwebsockets\WebSocketContextData.h(102): warning C26495: 未初始化变量 uWS::WebSocketContextData<1,rdc::SignalingServer::ConnectionContext>::maxLifetime。始终初始化成员变量(type.6)。
C:\RuanJian\remote_desktop_connection\rdc\vcpkg_installed\x64-windows\x64-windows\include\uwebsockets\MoveOnlyFunction.h(191): warning C26495: 未初始化变量 ofats::any_detail::any_invocable_impl<bool,0,uWS::HttpRouter<uWS::HttpContextData<0>::RouterData> *>::call_。始终初始化成员变量(type.6)。
C:\RuanJian\remote_desktop_connection\rdc\vcpkg_installed\x64-windows\x64-windows\include\uwebsockets\MoveOnlyFunction.h(191): warning C26495: 未初始化变量 ofats::any_detail::any_invocable_impl<bool,0,uWS::HttpRouter<uWS::HttpContextData<1>::RouterData> *>::call_。始终初始化成员变量(type.6)。
C:\RuanJian\remote_desktop_connection\rdc\vcpkg_installed\x64-windows\x64-windows\include\uwebsockets\MoveOnlyFunction.h(189): warning C26495: 未初始化变量 ofats::any_detail::any_invocable_impl<void,0,uWS::WebSocket<1,1,rdc::SignalingServer::ConnectionContext> *>::call_。始终初始化成员变量(type.6)。
C:\RuanJian\remote_desktop_connection\rdc\vcpkg_installed\x64-windows\x64-windows\include\uwebsockets\MoveOnlyFunction.h(189): warning C26495: 未初始化变量 ofats::any_detail::any_invocable_impl<void,0,uWS::WebSocket<1,1,rdc::SignalingServer::ConnectionContext> *,std::basic_string_view<char,std::char_traits<char> >,enum uWS::OpCode>::call_。始终初始化成员变量(type.6)。
C:\RuanJian\remote_desktop_connection\rdc\vcpkg_installed\x64-windows\x64-windows\include\uwebsockets\MoveOnlyFunction.h(189): warning C26495: 未初始化变量 ofats::any_detail::any_invocable_impl<void,0,uWS::WebSocket<1,1,rdc::SignalingServer::ConnectionContext> *,int,std::basic_string_view<char,std::char_traits<char> > >::call_。始终初始化成员变量(type.6)。
C:\RuanJian\remote_desktop_connection\rdc\vcpkg_installed\x64-windows\x64-windows\include\uwebsockets\MoveOnlyFunction.h(189): warning C26495: 未初始化变量 ofats::any_detail::any_invocable_impl<void,0,uWS::WebSocket<0,1,rdc::SignalingServer::ConnectionContext> *>::call_。始终初始化成员变量(type.6)。
C:\RuanJian\remote_desktop_connection\rdc\vcpkg_installed\x64-windows\x64-windows\include\uwebsockets\MoveOnlyFunction.h(189): warning C26495: 未初始化变量 ofats::any_detail::any_invocable_impl<void,0,uWS::WebSocket<0,1,rdc::SignalingServer::ConnectionContext> *,std::basic_string_view<char,std::char_traits<char> >,enum uWS::OpCode>::call_。始终初始化成员变量(type.6)。
C:\RuanJian\remote_desktop_connection\rdc\vcpkg_installed\x64-windows\x64-windows\include\uwebsockets\MoveOnlyFunction.h(189): warning C26495: 未初始化变量 ofats::any_detail::any_invocable_impl<void,0,uWS::WebSocket<0,1,rdc::SignalingServer::ConnectionContext> *,int,std::basic_string_view<char,std::char_traits<char> > >::call_。始终初始化成员变量(type.6)。
C:\RuanJian\remote_desktop_connection\rdc\vcpkg_installed\x64-windows\x64-windows\include\uwebsockets\MoveOnlyFunction.h(189): warning C26495: 未初始化变量 ofats::any_detail::any_invocable_impl<void,0,uWS::Loop *>::call_。始终初始化成员变量(type.6)。
C:\RuanJian\remote_desktop_connection\rdc\vcpkg_installed\x64-windows\x64-windows\include\uwebsockets\MoveOnlyFunction.h(191): warning C26495: 未初始化变量 ofats::any_detail::any_invocable_impl<void,0>::call_。始终初始化成员变量(type.6)。
C:\RuanJian\remote_desktop_connection\rdc\vcpkg_installed\x64-windows\x64-windows\include\uwebsockets\MoveOnlyFunction.h(191): warning C26495: 未初始化变量 ofats::any_detail::any_invocable_impl<void,0,uWS::Loop *>::call_。始终初始化成员变量(type.6)。
