c:\ruanjian\remote_desktop_connection\rdc\rdc\x64\release\signaling_server.obj
c:\ruanjian\remote_desktop_connection\rdc\rdc\x64\release\server_logger.obj
c:\ruanjian\remote_desktop_connection\rdc\rdc\x64\release\win_websocket_client.obj
c:\ruanjian\remote_desktop_connection\rdc\rdc\x64\release\console_logger.obj
c:\ruanjian\remote_desktop_connection\rdc\rdc\x64\release\peer_session.obj
c:\ruanjian\remote_desktop_connection\rdc\rdc\x64\release\mimalloc_override.obj
c:\ruanjian\remote_desktop_connection\rdc\rdc\x64\release\host_client.obj
c:\ruanjian\remote_desktop_connection\rdc\rdc\x64\release\entry.obj
c:\ruanjian\remote_desktop_connection\rdc\rdc\x64\release\controller_client.obj
c:\ruanjian\remote_desktop_connection\rdc\rdc\x64\release\openh264_video_decoder.obj
c:\ruanjian\remote_desktop_connection\rdc\rdc\x64\release\browser_controller_assets.obj
c:\ruanjian\remote_desktop_connection\rdc\rdc\x64\release\desktop_window_renderer.obj
c:\ruanjian\remote_desktop_connection\rdc\rdc\x64\release\desktop_streamer.obj
c:\ruanjian\remote_desktop_connection\rdc\rdc\x64\release\x264_h264_encoder.obj
c:\ruanjian\remote_desktop_connection\rdc\rdc\x64\release\dxgi_desktop_duplicator.obj
c:\ruanjian\remote_desktop_connection\rdc\rdc\x64\release\d3d11_desktop_frame_reader.obj
c:\ruanjian\remote_desktop_connection\rdc\rdc\x64\release\bgra_to_nv12_converter.obj
c:\ruanjian\remote_desktop_connection\rdc\rdc\x64\release\vc143.pdb
c:\ruanjian\remote_desktop_connection\rdc\rdc\x64\release\server_main.obj
c:\ruanjian\remote_desktop_connection\rdc\rdc\x64\release\agent_main.obj
c:\ruanjian\remote_desktop_connection\rdc\rdc\x64\release\controller_main.obj
c:\ruanjian\remote_desktop_connection\rdc\x64\release\rdc.exe
c:\ruanjian\remote_desktop_connection\rdc\x64\release\rdc.pdb
c:\ruanjian\remote_desktop_connection\rdc\x64\release\datachannel.dll
c:\ruanjian\remote_desktop_connection\rdc\x64\release\srtp2.dll
c:\ruanjian\remote_desktop_connection\rdc\x64\release\libssl-3-x64.dll
c:\ruanjian\remote_desktop_connection\rdc\x64\release\libcrypto-3-x64.dll
c:\ruanjian\remote_desktop_connection\rdc\x64\release\juice.dll
c:\ruanjian\remote_desktop_connection\rdc\x64\release\libx264-164.dll
c:\ruanjian\remote_desktop_connection\rdc\x64\release\openh264-7.dll
c:\ruanjian\remote_desktop_connection\rdc\x64\release\uv.dll
c:\ruanjian\remote_desktop_connection\rdc\x64\release\zlib1.dll
c:\ruanjian\remote_desktop_connection\rdc\rdc\x64\release\rdc.ipdb
c:\ruanjian\remote_desktop_connection\rdc\rdc\x64\release\rdc.iobj
c:\ruanjian\remote_desktop_connection\rdc\rdc\x64\release\rdc.pdb
c:\ruanjian\remote_desktop_connection\rdc\rdc\x64\release\rdc.tlog\cl.command.1.tlog
c:\ruanjian\remote_desktop_connection\rdc\rdc\x64\release\rdc.tlog\cl.items.tlog
c:\ruanjian\remote_desktop_connection\rdc\rdc\x64\release\rdc.tlog\cl.read.1.tlog
c:\ruanjian\remote_desktop_connection\rdc\rdc\x64\release\rdc.tlog\cl.write.1.tlog
c:\ruanjian\remote_desktop_connection\rdc\rdc\x64\release\rdc.tlog\link.command.1.tlog
c:\ruanjian\remote_desktop_connection\rdc\rdc\x64\release\rdc.tlog\link.read.1.tlog
c:\ruanjian\remote_desktop_connection\rdc\rdc\x64\release\rdc.tlog\link.secondary.1.tlog
c:\ruanjian\remote_desktop_connection\rdc\rdc\x64\release\rdc.tlog\link.write.1.tlog
c:\ruanjian\remote_desktop_connection\rdc\rdc\x64\release\rdc.tlog\rdc.write.1u.tlog
