  bgra_to_nv12_converter.cpp
  d3d11_desktop_frame_reader.cpp
  dxgi_desktop_duplicator.cpp
  mf_h264_encoder.cpp
  desktop_streamer.cpp
  controller_client.cpp
  entry.cpp
  host_client.cpp
  mimalloc_override.cpp
  peer_session.cpp
  win_websocket_client.cpp
  signaling_server.cpp
C:\RuanJian\remote_desktop_connection\rdc\vcpkg_installed\x64-windows\x64-windows\include\uwebsockets\App.h(21,1): warning C4005: “_CRT_SECURE_NO_WARNINGS”: 宏重定义
  (编译源文件“server/signaling_gateway/signaling_server.cpp”)
      C:\RuanJian\remote_desktop_connection\rdc\vcpkg_installed\x64-windows\x64-windows\include\uwebsockets\App.h(21,1):
      之前在命令行上声明的“_CRT_SECURE_NO_WARNINGS”
  
  正在生成代码...
  main.cpp
  main.cpp
  main.cpp
C:\RuanJian\remote_desktop_connection\rdc\vcpkg_installed\x64-windows\x64-windows\include\uwebsockets\App.h(21,1): warning C4005: “_CRT_SECURE_NO_WARNINGS”: 宏重定义
  (编译源文件“server/main.cpp”)
      C:\RuanJian\remote_desktop_connection\rdc\vcpkg_installed\x64-windows\x64-windows\include\uwebsockets\App.h(21,1):
      之前在命令行上声明的“_CRT_SECURE_NO_WARNINGS”
  
  rdc.vcxproj -> C:\RuanJian\remote_desktop_connection\rdc\x64\Debug\rdc.exe
